<?xml version="1.0" encoding="UTF-8" ?>
<testsuite errors="0" failures="0" hostname="s-128-97-167-106.resnet.ucla.edu" name="com.flatironschool.javacs.MyTreeMapTest" skipped="0" tests="11" time="0.087" timestamp="2016-06-22T05:49:42">
  <properties>
    <property name="java.vendor" value="Oracle Corporation" />
    <property name="sun.java.launcher" value="SUN_STANDARD" />
    <property name="env.XPC_SERVICE_NAME" value="0" />
    <property name="sun.management.compiler" value="HotSpot 64-Bit Tiered Compilers" />
    <property name="env._system_arch" value="x86_64" />
    <property name="env.GEM_HOME" value="/Users/Megan/.rvm/gems/ruby-2.3.0" />
    <property name="os.name" value="Mac OS X" />
    <property name="sun.boot.class.path" value="/Library/Java/JavaVirtualMachines/jdk1.8.0_74.jdk/Contents/Home/jre/lib/resources.jar:/Library/Java/JavaVirtualMachines/jdk1.8.0_74.jdk/Contents/Home/jre/lib/rt.jar:/Library/Java/JavaVirtualMachines/jdk1.8.0_74.jdk/Contents/Home/jre/lib/sunrsasign.jar:/Library/Java/JavaVirtualMachines/jdk1.8.0_74.jdk/Contents/Home/jre/lib/jsse.jar:/Library/Java/JavaVirtualMachines/jdk1.8.0_74.jdk/Contents/Home/jre/lib/jce.jar:/Library/Java/JavaVirtualMachines/jdk1.8.0_74.jdk/Contents/Home/jre/lib/charsets.jar:/Library/Java/JavaVirtualMachines/jdk1.8.0_74.jdk/Contents/Home/jre/lib/jfr.jar:/Library/Java/JavaVirtualMachines/jdk1.8.0_74.jdk/Contents/Home/jre/classes" />
    <property name="env.TMPDIR" value="/var/folders/2w/2d96j4r50yn8hm17sttxr9sw0000gn/T/" />
    <property name="env.PWD" value="/Users/Megan/Documents/UCSD/CSE /CodeU/cs-maps-tree-map-lab-codeU" />
    <property name="env.LANG" value="en_US.UTF-8" />
    <property name="java.vm.specification.vendor" value="Oracle Corporation" />
    <property name="ant.home" value="/usr/local/Cellar/ant/1.9.6/libexec" />
    <property name="java.runtime.version" value="1.8.0_74-b02" />
    <property name="env.MY_RUBY_HOME" value="/Users/Megan/.rvm/rubies/ruby-2.3.0" />
    <property name="env.Apple_PubSub_Socket_Render" value="/private/tmp/com.apple.launchd.ZUBWBYe35o/Render" />
    <property name="env.DISPLAY" value="/private/tmp/com.apple.launchd.1x55nIGdbB/org.macosforge.xquartz:0" />
    <property name="env.rvm_version" value="1.26.11 (latest)" />
    <property name="user.name" value="Megan" />
    <property name="env.USER" value="Megan" />
    <property name="env.SHELL" value="/bin/bash" />
    <property name="env.__CF_USER_TEXT_ENCODING" value="0x1F5:0x0:0x0" />
    <property name="env._system_type" value="Darwin" />
    <property name="env.PATH" value="/Users/Megan/.rvm/gems/ruby-2.3.0/bin:/Users/Megan/.rvm/gems/ruby-2.3.0@global/bin:/Users/Megan/.rvm/rubies/ruby-2.3.0/bin:/usr/bin:/bin:/usr/sbin:/sbin:/usr/local/bin:/opt/X11/bin:/usr/local/git/bin:/usr/local/MacGPG2/bin:/Users/Megan/.rvm/bin" />
    <property name="user.language" value="en" />
    <property name="env.rvm_prefix" value="/Users/Megan" />
    <property name="sun.boot.library.path" value="/Library/Java/JavaVirtualMachines/jdk1.8.0_74.jdk/Contents/Home/jre/lib" />
    <property name="ant.project.default-target" value="build" />
    <property name="env.XPC_FLAGS" value="0x0" />
    <property name="ant.project.name" value="JavaCS" />
    <property name="env.rvm_path" value="/Users/Megan/.rvm" />
    <property name="env.RUBY_VERSION" value="ruby-2.3.0" />
    <property name="java.version" value="1.8.0_74" />
    <property name="user.timezone" value="" />
    <property name="sun.arch.data.model" value="64" />
    <property name="env._system_name" value="OSX" />
    <property name="http.nonProxyHosts" value="local|*.local|169.254/16|*.169.254/16" />
    <property name="java.endorsed.dirs" value="/Library/Java/JavaVirtualMachines/jdk1.8.0_74.jdk/Contents/Home/jre/lib/endorsed" />
    <property name="sun.cpu.isalist" value="" />
    <property name="sun.jnu.encoding" value="UTF-8" />
    <property name="env.rvm_bin_path" value="/Users/Megan/.rvm/bin" />
    <property name="file.encoding.pkg" value="sun.io" />
    <property name="env.SHLVL" value="3" />
    <property name="file.separator" value="/" />
    <property name="env._system_version" value="10.11" />
    <property name="java.specification.name" value="Java Platform API Specification" />
    <property name="java.class.version" value="52.0" />
    <property name="user.country" value="US" />
    <property name="ant.file.JavaCS" value="/Users/Megan/Documents/UCSD/CSE /CodeU/cs-maps-tree-map-lab-codeU/javacs-lab09/build.xml" />
    <property name="java.home" value="/Library/Java/JavaVirtualMachines/jdk1.8.0_74.jdk/Contents/Home/jre" />
    <property name="java.vm.info" value="mixed mode" />
    <property name="env.LOGNAME" value="Megan" />
    <property name="ant.file" value="/Users/Megan/Documents/UCSD/CSE /CodeU/cs-maps-tree-map-lab-codeU/javacs-lab09/build.xml" />
    <property name="os.version" value="10.11.4" />
    <property name="env.TERM_PROGRAM_VERSION" value="361.1" />
    <property name="path.separator" value=":" />
    <property name="java.vm.version" value="25.74-b02" />
    <property name="ant.library.dir" value="/usr/local/Cellar/ant/1.9.6/libexec/lib" />
    <property name="junit.output.dir" value="junit" />
    <property name="env.IRBRC" value="/Users/Megan/.rvm/rubies/ruby-2.3.0/.irbrc" />
    <property name="java.awt.printerjob" value="sun.lwawt.macosx.CPrinterJob" />
    <property name="env.TERM" value="xterm-256color" />
    <property name="sun.io.unicode.encoding" value="UnicodeBig" />
    <property name="env.JAVA_MAIN_CLASS_6610" value="org.apache.tools.ant.launch.Launcher" />
    <property name="awt.toolkit" value="sun.lwawt.macosx.LWCToolkit" />
    <property name="socksNonProxyHosts" value="local|*.local|169.254/16|*.169.254/16" />
    <property name="ftp.nonProxyHosts" value="local|*.local|169.254/16|*.169.254/16" />
    <property name="env.TERM_SESSION_CLASS_ID" value="4A6309A0-A66A-4217-8DC0-219FD7860D62" />
    <property name="env.GEM_PATH" value="/Users/Megan/.rvm/gems/ruby-2.3.0:/Users/Megan/.rvm/gems/ruby-2.3.0@global" />
    <property name="user.home" value="/Users/Megan" />
    <property name="target" value="1.7" />
    <property name="java.specification.vendor" value="Oracle Corporation" />
    <property name="env.TERM_PROGRAM" value="Apple_Terminal" />
    <property name="java.vendor.url" value="http://java.oracle.com/" />
    <property name="java.library.path" value="/Users/Megan/Library/Java/Extensions:/Library/Java/Extensions:/Network/Library/Java/Extensions:/System/Library/Java/Extensions:/usr/lib/java:." />
    <property name="gopherProxySet" value="false" />
    <property name="java.vm.vendor" value="Oracle Corporation" />
    <property name="java.runtime.name" value="Java(TM) SE Runtime Environment" />
    <property name="ant.version" value="Apache Ant(TM) version 1.9.6 compiled on June 29 2015" />
    <property name="sun.java.command" value="org.apache.tools.ant.taskdefs.optional.junit.JUnitTestRunner com.flatironschool.javacs.MyTreeMapTest skipNonTests=false filtertrace=true haltOnError=false haltOnFailure=false formatter=org.apache.tools.ant.taskdefs.optional.junit.OutErrSummaryJUnitResultFormatter showoutput=false outputtoformatters=true logfailedtests=true threadid=0 logtestlistenerevents=false formatter=org.apache.tools.ant.taskdefs.optional.junit.XMLJUnitResultFormatter,/Users/Megan/Documents/UCSD/CSE /CodeU/cs-maps-tree-map-lab-codeU/javacs-lab09/junit/TEST-com.flatironschool.javacs.MyTreeMapTest.xml formatter=org.apache.tools.ant.taskdefs.optional.junit.PlainJUnitResultFormatter crashfile=/Users/Megan/Documents/UCSD/CSE /CodeU/cs-maps-tree-map-lab-codeU/javacs-lab09/junitvmwatcher2887584660159202081.properties propsfile=/Users/Megan/Documents/UCSD/CSE /CodeU/cs-maps-tree-map-lab-codeU/javacs-lab09/junit3277854915509391835.properties" />
    <property name="java.class.path" value="/Users/Megan/Documents/UCSD/CSE /CodeU/cs-maps-tree-map-lab-codeU/javacs-lab09/bin:/Users/Megan/Documents/UCSD/CSE /CodeU/cs-maps-tree-map-lab-codeU/javacs-lab09/lib/junit-4.12.jar:/Users/Megan/Documents/UCSD/CSE /CodeU/cs-maps-tree-map-lab-codeU/javacs-lab09/lib/hamcrest-core-1.3.jar:/Users/Megan/Documents/UCSD/CSE /CodeU/cs-maps-tree-map-lab-codeU/javacs-lab09/lib/hamcrest-library-1.3.jar:/usr/local/Cellar/ant/1.9.6/libexec/lib/ant-launcher.jar:/usr/local/Cellar/ant/1.9.6/libexec/lib/ant.jar:/usr/local/Cellar/ant/1.9.6/libexec/lib/ant-junit.jar:/usr/local/Cellar/ant/1.9.6/libexec/lib/ant-junit4.jar" />
    <property name="env.TERM_SESSION_ID" value="9866D267-BA5E-4F30-91AD-45D781B44463" />
    <property name="ant.file.type.JavaCS" value="file" />
    <property name="java.vm.specification.name" value="Java Virtual Machine Specification" />
    <property name="ant.file.type" value="file" />
    <property name="java.vm.specification.version" value="1.8" />
    <property name="sun.cpu.endian" value="little" />
    <property name="sun.os.patch.level" value="unknown" />
    <property name="debuglevel" value="source,lines,vars" />
    <property name="env.HOME" value="/Users/Megan" />
    <property name="java.io.tmpdir" value="/var/folders/2w/2d96j4r50yn8hm17sttxr9sw0000gn/T/" />
    <property name="java.vendor.url.bug" value="http://bugreport.sun.com/bugreport/" />
    <property name="env.SSH_AUTH_SOCK" value="/private/tmp/com.apple.launchd.PIuDjBGm3Y/Listeners" />
    <property name="java.awt.graphicsenv" value="sun.awt.CGraphicsEnvironment" />
    <property name="os.arch" value="x86_64" />
    <property name="java.ext.dirs" value="/Users/Megan/Library/Java/Extensions:/Library/Java/JavaVirtualMachines/jdk1.8.0_74.jdk/Contents/Home/jre/lib/ext:/Library/Java/Extensions:/Network/Library/Java/Extensions:/System/Library/Java/Extensions:/usr/lib/java" />
    <property name="user.dir" value="/Users/Megan/Documents/UCSD/CSE /CodeU/cs-maps-tree-map-lab-codeU" />
    <property name="line.separator" value="&#xa;" />
    <property name="java.vm.name" value="Java HotSpot(TM) 64-Bit Server VM" />
    <property name="basedir" value="/Users/Megan/Documents/UCSD/CSE /CodeU/cs-maps-tree-map-lab-codeU/javacs-lab09" />
    <property name="ant.java.version" value="1.8" />
    <property name="ant.core.lib" value="/usr/local/Cellar/ant/1.9.6/libexec/lib/ant.jar" />
    <property name="source" value="1.7" />
    <property name="file.encoding" value="UTF-8" />
    <property name="java.specification.version" value="1.8" />
    <property name="ant.project.invoked-targets" value="test" />
  </properties>
  <testcase classname="com.flatironschool.javacs.MyTreeMapTest" name="testGet" time="0.005" />
  <testcase classname="com.flatironschool.javacs.MyTreeMapTest" name="testPut" time="0.001" />
  <testcase classname="com.flatironschool.javacs.MyTreeMapTest" name="testClear" time="0.0" />
  <testcase classname="com.flatironschool.javacs.MyTreeMapTest" name="testSize" time="0.0" />
  <testcase classname="com.flatironschool.javacs.MyTreeMapTest" name="testContainsKey" time="0.0" />
  <testcase classname="com.flatironschool.javacs.MyTreeMapTest" name="testContainsValue" time="0.0" />
  <testcase classname="com.flatironschool.javacs.MyTreeMapTest" name="testKeySet" time="0.001" />
  <testcase classname="com.flatironschool.javacs.MyTreeMapTest" name="testPutAll" time="0.0" />
  <testcase classname="com.flatironschool.javacs.MyTreeMapTest" name="testIsEmpty" time="0.001" />
  <testcase classname="com.flatironschool.javacs.MyTreeMapTest" name="testRemove" time="0.0" />
  <testcase classname="com.flatironschool.javacs.MyTreeMapTest" name="testValues" time="0.0" />
  <system-out><![CDATA[01
03
04
06
07
08
10
13
]]></system-out>
  <system-err><![CDATA[]]></system-err>
</testsuite>
